
> my-app@0.1.0 build
> next build

info  - Loaded env from C:\codebase\theatrum-client\.env.local
info  - Linting and checking validity of types...
info  - Creating an optimized production build...
error - Failed to find font override values for font `Golos Text`
error - Failed to find font override values for font `Golos Text`
info  - Compiled successfully
info  - Collecting page data...
info  - Generating static pages (0/2)
info  - Generating static pages (2/2)
info  - Finalizing page optimization...

Route (pages)                              Size     First Load JS
┌ λ /                                      2.63 kB         225 kB
├   └ css/06f0d54094ee0382.css             3.63 kB
├   /_app                                  0 B             198 kB
├ ○ /404                                   182 B           198 kB
├ λ /about                                 3.68 kB         201 kB
├ λ /afisha                                1.66 kB         199 kB
├   └ css/8515a5032d5ef474.css             302 B
├ λ /afisha/[slug]                         4.44 kB         259 kB
├   └ css/b2d39a9effbcdf48.css             3.8 kB
├ λ /api/healthcheck                       0 B             198 kB
├ λ /contacts                              1.45 kB         199 kB
├ λ /news                                  1.3 kB          199 kB
├ λ /news/[slug]                           1.24 kB         231 kB
├   └ css/5889bfed207f6f68.css             219 B
├ λ /perfomances                           1.25 kB         199 kB
└ λ /perfomances/[slug]                    2.92 kB         258 kB
    └ css/d178d27b2281f34f.css             2.94 kB
+ First Load JS shared by all              199 kB
  ├ chunks/framework-2c79e2a64abdb08b.js   45.2 kB
  ├ chunks/main-dda1ec63a16662d1.js        26.8 kB
  ├ chunks/pages/_app-5af66b83f8c304b8.js  124 kB
  ├ chunks/webpack-7e0a04d6d1a844f2.js     1.04 kB
  └ css/4fa8691d72c9d722.css               1.11 kB

λ  (Server)  server-side renders at runtime (uses getInitialProps or getServerSideProps)
○  (Static)  automatically rendered as static HTML (uses no initial props)

